Build started 1/30/2018 1:22:12 PM.
     1>Project "F:\C++2\Lab3B\Lab3B\Lab3B.vcxproj" on node 2 (build target(s)).
     1>InitializeBuildStatus:
         Creating "Debug\Lab3B.unsuccessfulbuild" because "AlwaysCreate" was specified.
       ClCompile:
         c:\Program Files (x86)\Microsoft Visual Studio 10.0\VC\bin\CL.exe /c /ZI /nologo /W3 /WX- /Od /Oy- /D _MBCS /Gm /EHsc /RTC1 /MDd /GS /fp:precise /Zc:wchar_t /Zc:forScope /Fo"Debug\\" /Fd"Debug\vc100.pdb" /Gd /TP /analyze- /errorReport:prompt Lab3B.cpp
         Lab3B.cpp
     1>f:\c++2\lab3b\lab3b\lab3b.cpp(32): warning C4244: 'argument' : conversion from 'time_t' to 'unsigned int', possible loss of data
       Link:
         c:\Program Files (x86)\Microsoft Visual Studio 10.0\VC\bin\link.exe /ERRORREPORT:PROMPT /OUT:"F:\C++2\Lab3B\Debug\Lab3B.exe" /NOLOGO kernel32.lib user32.lib gdi32.lib winspool.lib comdlg32.lib advapi32.lib shell32.lib ole32.lib oleaut32.lib uuid.lib odbc32.lib odbccp32.lib /MANIFEST /ManifestFile:"Debug\Lab3B.exe.intermediate.manifest" /MANIFESTUAC:"level='asInvoker' uiAccess='false'" /DEBUG /PDB:"F:\C++2\Lab3B\Debug\Lab3B.pdb" /TLBID:1 /DYNAMICBASE /NXCOMPAT /IMPLIB:"F:\C++2\Lab3B\Debug\Lab3B.lib" /MACHINE:X86 Debug\Lab3B.obj
         LINK : F:\C++2\Lab3B\Debug\Lab3B.exe not found or not built by the last incremental link; performing full link
         Lab3B.vcxproj -> F:\C++2\Lab3B\Debug\Lab3B.exe
       Manifest:
         C:\Program Files (x86)\Microsoft SDKs\Windows\v7.0A\bin\mt.exe /nologo /verbose /outputresource:"F:\C++2\Lab3B\Debug\Lab3B.exe;#1" /manifest Debug\Lab3B.exe.intermediate.manifest
       FinalizeBuildStatus:
         Deleting file "Debug\Lab3B.unsuccessfulbuild".
         Touching "Debug\Lab3B.lastbuildstate".
     1>Done Building Project "F:\C++2\Lab3B\Lab3B\Lab3B.vcxproj" (build target(s)).

Build succeeded.

Time Elapsed 00:00:06.90
