Build started 2/5/2018 12:49:33 PM.
     1>Project "F:\C++2\Midterm\Midterm\Midterm.vcxproj" on node 2 (build target(s)).
     1>InitializeBuildStatus:
         Creating "Debug\Midterm.unsuccessfulbuild" because "AlwaysCreate" was specified.
       ClCompile:
         c:\Program Files (x86)\Microsoft Visual Studio 10.0\VC\bin\CL.exe /c /ZI /nologo /W3 /WX- /Od /Oy- /D _MBCS /Gm /EHsc /RTC1 /MDd /GS /fp:precise /Zc:wchar_t /Zc:forScope /Fo"Debug\\" /Fd"Debug\vc100.pdb" /Gd /TP /analyze- /errorReport:prompt Midterm.cpp
         Midterm.cpp
     1>f:\c++2\midterm\midterm\midterm.cpp(32): warning C4244: 'argument' : conversion from 'time_t' to 'unsigned int', possible loss of data
       Link:
         c:\Program Files (x86)\Microsoft Visual Studio 10.0\VC\bin\link.exe /ERRORREPORT:PROMPT /OUT:"F:\C++2\Midterm\Debug\Midterm.exe" /NOLOGO kernel32.lib user32.lib gdi32.lib winspool.lib comdlg32.lib advapi32.lib shell32.lib ole32.lib oleaut32.lib uuid.lib odbc32.lib odbccp32.lib /MANIFEST /ManifestFile:"Debug\Midterm.exe.intermediate.manifest" /MANIFESTUAC:"level='asInvoker' uiAccess='false'" /DEBUG /PDB:"F:\C++2\Midterm\Debug\Midterm.pdb" /TLBID:1 /DYNAMICBASE /NXCOMPAT /IMPLIB:"F:\C++2\Midterm\Debug\Midterm.lib" /MACHINE:X86 Debug\Midterm.obj
         LINK : F:\C++2\Midterm\Debug\Midterm.exe not found or not built by the last incremental link; performing full link
         Midterm.vcxproj -> F:\C++2\Midterm\Debug\Midterm.exe
       Manifest:
         C:\Program Files (x86)\Microsoft SDKs\Windows\v7.0A\bin\mt.exe /nologo /verbose /outputresource:"F:\C++2\Midterm\Debug\Midterm.exe;#1" /manifest Debug\Midterm.exe.intermediate.manifest
       FinalizeBuildStatus:
         Deleting file "Debug\Midterm.unsuccessfulbuild".
         Touching "Debug\Midterm.lastbuildstate".
     1>Done Building Project "F:\C++2\Midterm\Midterm\Midterm.vcxproj" (build target(s)).

Build succeeded.

Time Elapsed 00:00:02.81
