Build started 2/20/2018 2:29:45 PM.
     1>Project "F:\C++2\Lab5\Lab5\Lab5.vcxproj" on node 2 (build target(s)).
     1>InitializeBuildStatus:
         Creating "Debug\Lab5.unsuccessfulbuild" because "AlwaysCreate" was specified.
       ClCompile:
         c:\Program Files (x86)\Microsoft Visual Studio 10.0\VC\bin\CL.exe /c /ZI /nologo /W3 /WX- /Od /Oy- /D _MBCS /Gm /EHsc /RTC1 /MDd /GS /fp:precise /Zc:wchar_t /Zc:forScope /Fo"Debug\\" /Fd"Debug\vc100.pdb" /Gd /TP /analyze- /errorReport:prompt Lab5.cpp
         Lab5.cpp
     1>f:\c++2\lab5\lab5\lab5.cpp(11): warning C4800: 'void *' : forcing value to bool 'true' or 'false' (performance warning)
       Link:
         c:\Program Files (x86)\Microsoft Visual Studio 10.0\VC\bin\link.exe /ERRORREPORT:PROMPT /OUT:"F:\C++2\Lab5\Debug\Lab5.exe" /NOLOGO kernel32.lib user32.lib gdi32.lib winspool.lib comdlg32.lib advapi32.lib shell32.lib ole32.lib oleaut32.lib uuid.lib odbc32.lib odbccp32.lib /MANIFEST /ManifestFile:"Debug\Lab5.exe.intermediate.manifest" /MANIFESTUAC:"level='asInvoker' uiAccess='false'" /DEBUG /PDB:"F:\C++2\Lab5\Debug\Lab5.pdb" /TLBID:1 /DYNAMICBASE /NXCOMPAT /IMPLIB:"F:\C++2\Lab5\Debug\Lab5.lib" /MACHINE:X86 Debug\Lab5.obj
         LINK : F:\C++2\Lab5\Debug\Lab5.exe not found or not built by the last incremental link; performing full link
         Lab5.vcxproj -> F:\C++2\Lab5\Debug\Lab5.exe
       Manifest:
         C:\Program Files (x86)\Microsoft SDKs\Windows\v7.0A\bin\mt.exe /nologo /verbose /outputresource:"F:\C++2\Lab5\Debug\Lab5.exe;#1" /manifest Debug\Lab5.exe.intermediate.manifest
       FinalizeBuildStatus:
         Deleting file "Debug\Lab5.unsuccessfulbuild".
         Touching "Debug\Lab5.lastbuildstate".
     1>Done Building Project "F:\C++2\Lab5\Lab5\Lab5.vcxproj" (build target(s)).

Build succeeded.

Time Elapsed 00:00:02.28
